

Version:	3.50
CmdLine:	C:\Users\Hugo Jose\IdeaProjects\SamuraiNinja\exe\SamuraiDash.exe --l4j-debug
JNI:		No
WOW64:		Yes
Working dir:	C:\Users\Hugo Jose\IdeaProjects\SamuraiNinja\exe\.
Requires JDK:	No
Requires 64-Bit: No
Java min ver:	1.008.000
Java max ver:	1.023.000_001
Substitute:	JAVA_HOME = 
Substitute:	PATH = C:\Program Files\Common Files\Oracle\Java\javapath;C:\Program Files (x86)\Common Files\Oracle\Java\java8path;C:\Program Files (x86)\Common Files\Oracle\Java\javapath;C:\Program Files (x86)\Razer Chroma SDK\bin;C:\Program Files\Razer Chroma SDK\bin;C:\Program Files (x86)\Razer\ChromaBroadcast\bin;C:\Program Files\Razer\ChromaBroadcast\bin;C:\Windows\system32;C:\Windows;C:\Windows\System32\Wbem;C:\Windows\System32\WindowsPowerShell\v1.0\;C:\Windows\System32\OpenSSH\;C:\Program Files (x86)\NVIDIA Corporation\PhysX\Common;C:\WINDOWS\system32;C:\WINDOWS;C:\WINDOWS\System32\Wbem;C:\WINDOWS\System32\WindowsPowerShell\v1.0\;C:\WINDOWS\System32\OpenSSH\;C:\WINDOWS\system32\config\systemprofile\AppData\Local\Microsoft\WindowsApps;C:\Users\Hugo Jose\AppData\Local\Microsoft\WindowsApps;C:\Program Files\dotnet\;C:\Program Files\Git\cmd;C:\Users\Hugo Jose\AppData\Local\Programs\Python\Launcher\;C:\Users\Hugo Jose\AppData\Local\Microsoft\WindowsApps;C:\Users\Hugo Jose\AppData\Local\Programs\Microsoft VS Code\bin;C:\Users\Hugo Jose\AppData\Local\GitHubDesktop\bin;C:\Maven\apache-maven-3.9.9\bin;C:\JavaFX\javafx-sdk-23.0.1\lib;;C:\Program Files\Java\jre1.8.0_451\bin
JRE paths:	;C:\Program Files\Common Files\Oracle\Java\javapath;C:\Program Files (x86)\Common Files\Oracle\Java\java8path;C:\Program Files (x86)\Common Files\Oracle\Java\javapath;C:\Program Files (x86)\Razer Chroma SDK\bin;C:\Program Files\Razer Chroma SDK\bin;C:\Program Files (x86)\Razer\ChromaBroadcast\bin;C:\Program Files\Razer\ChromaBroadcast\bin;C:\Windows\system32;C:\Windows;C:\Windows\System32\Wbem;C:\Windows\System32\WindowsPowerShell\v1.0\;C:\Windows\System32\OpenSSH\;C:\Program Files (x86)\NVIDIA Corporation\PhysX\Common;C:\WINDOWS\system32;C:\WINDOWS;C:\WINDOWS\System32\Wbem;C:\WINDOWS\System32\WindowsPowerShell\v1.0\;C:\WINDOWS\System32\OpenSSH\;C:\WINDOWS\system32\config\systemprofile\AppData\Local\Microsoft\WindowsApps;C:\Users\Hugo Jose\AppData\Local\Microsoft\WindowsApps;C:\Program Files\dotnet\;C:\Program Files\Git\cmd;C:\Users\Hugo Jose\AppData\Local\Programs\Python\Launcher\;C:\Users\Hugo Jose\AppData\Local\Microsoft\WindowsApps;C:\Users\Hugo Jose\AppData\Local\Programs\Microsoft VS Code\bin;C:\Users\Hugo Jose\AppData\Local\GitHubDesktop\bin;C:\Maven\apache-maven-3.9.9\bin;C:\JavaFX\javafx-sdk-23.0.1\lib;;C:\Program Files\Java\jre1.8.0_451\bin
Check launcher:	C:\Program Files\Common Files\Oracle\Java\javapath\bin\javaw.exe (not found)
Check launcher:	C:\Program Files (x86)\Common Files\Oracle\Java\java8path\bin\javaw.exe (not found)
Check launcher:	C:\Program Files (x86)\Common Files\Oracle\Java\javapath\bin\javaw.exe (not found)
Check launcher:	C:\Program Files (x86)\Razer Chroma SDK\bin\javaw.exe (not found)
Check launcher:	C:\Program Files\Razer Chroma SDK\bin\javaw.exe (not found)
Check launcher:	C:\Program Files (x86)\Razer\ChromaBroadcast\bin\javaw.exe (not found)
Check launcher:	C:\Program Files\Razer\ChromaBroadcast\bin\javaw.exe (not found)
Check launcher:	C:\Windows\system32\bin\javaw.exe (not found)
Check launcher:	C:\Windows\bin\javaw.exe (not found)
Check launcher:	C:\Windows\System32\Wbem\bin\javaw.exe (not found)
Check launcher:	C:\Windows\System32\WindowsPowerShell\v1.0\bin\javaw.exe (not found)
Check launcher:	C:\Windows\System32\OpenSSH\bin\javaw.exe (not found)
Check launcher:	C:\Program Files (x86)\NVIDIA Corporation\PhysX\Common\bin\javaw.exe (not found)
Check launcher:	C:\WINDOWS\system32\bin\javaw.exe (not found)
Check launcher:	C:\WINDOWS\bin\javaw.exe (not found)
Check launcher:	C:\WINDOWS\System32\Wbem\bin\javaw.exe (not found)
Check launcher:	C:\WINDOWS\System32\WindowsPowerShell\v1.0\bin\javaw.exe (not found)
Check launcher:	C:\WINDOWS\System32\OpenSSH\bin\javaw.exe (not found)
Check launcher:	C:\WINDOWS\system32\config\systemprofile\AppData\Local\Microsoft\WindowsApps\bin\javaw.exe (not found)
Check launcher:	C:\Users\Hugo Jose\AppData\Local\Microsoft\WindowsApps\bin\javaw.exe (not found)
Check launcher:	C:\Program Files\dotnet\bin\javaw.exe (not found)
Check launcher:	C:\Program Files\Git\cmd\bin\javaw.exe (not found)
Check launcher:	C:\Users\Hugo Jose\AppData\Local\Programs\Python\Launcher\bin\javaw.exe (not found)
Check launcher:	C:\Users\Hugo Jose\AppData\Local\Microsoft\WindowsApps\bin\javaw.exe (not found)
Check launcher:	C:\Users\Hugo Jose\AppData\Local\Programs\Microsoft VS Code\bin\javaw.exe (not found)
Check launcher:	C:\Users\Hugo Jose\AppData\Local\GitHubDesktop\bin\javaw.exe (not found)
Check launcher:	C:\Maven\apache-maven-3.9.9\bin\javaw.exe (not found)
Check launcher:	C:\JavaFX\javafx-sdk-23.0.1\lib\bin\javaw.exe (not found)
Check launcher:	C:\Program Files\Java\jre1.8.0_451\bin\javaw.exe (OK)
Version string: 1.008.000_451 / 64-Bit (OK)
Launcher:	C:\Program Files\Java\jre1.8.0_451\bin\javaw.exe
Launcher args:	-jar "C:\Users\Hugo Jose\IdeaProjects\SamuraiNinja\exe\SamuraiDash.exe"
Args length:	71/32768 chars
Exit code:	0


Version:	3.50
CmdLine:	C:\Users\Hugo Jose\IdeaProjects\SamuraiNinja\exe\SamuraiDash.exe --l4j-debug
JNI:		No
WOW64:		Yes
Working dir:	C:\Users\Hugo Jose\IdeaProjects\SamuraiNinja\exe\.
Requires JDK:	No
Requires 64-Bit: No
Java min ver:	1.008.000
Java max ver:	1.023.000_001
Substitute:	JAVA_HOME = 
Substitute:	PATH = C:\Program Files\Common Files\Oracle\Java\javapath;C:\Program Files (x86)\Common Files\Oracle\Java\java8path;C:\Program Files (x86)\Common Files\Oracle\Java\javapath;C:\Program Files (x86)\Razer Chroma SDK\bin;C:\Program Files\Razer Chroma SDK\bin;C:\Program Files (x86)\Razer\ChromaBroadcast\bin;C:\Program Files\Razer\ChromaBroadcast\bin;C:\Windows\system32;C:\Windows;C:\Windows\System32\Wbem;C:\Windows\System32\WindowsPowerShell\v1.0\;C:\Windows\System32\OpenSSH\;C:\Program Files (x86)\NVIDIA Corporation\PhysX\Common;C:\WINDOWS\system32;C:\WINDOWS;C:\WINDOWS\System32\Wbem;C:\WINDOWS\System32\WindowsPowerShell\v1.0\;C:\WINDOWS\System32\OpenSSH\;C:\WINDOWS\system32\config\systemprofile\AppData\Local\Microsoft\WindowsApps;C:\Users\Hugo Jose\AppData\Local\Microsoft\WindowsApps;C:\Program Files\dotnet\;C:\Program Files\Git\cmd;C:\Users\Hugo Jose\AppData\Local\Programs\Python\Launcher\;C:\Users\Hugo Jose\AppData\Local\Microsoft\WindowsApps;C:\Users\Hugo Jose\AppData\Local\Programs\Microsoft VS Code\bin;C:\Users\Hugo Jose\AppData\Local\GitHubDesktop\bin;C:\Maven\apache-maven-3.9.9\bin;C:\JavaFX\javafx-sdk-23.0.1\lib;;C:\Program Files\Java\jre1.8.0_451\bin
JRE paths:	;C:\Program Files\Common Files\Oracle\Java\javapath;C:\Program Files (x86)\Common Files\Oracle\Java\java8path;C:\Program Files (x86)\Common Files\Oracle\Java\javapath;C:\Program Files (x86)\Razer Chroma SDK\bin;C:\Program Files\Razer Chroma SDK\bin;C:\Program Files (x86)\Razer\ChromaBroadcast\bin;C:\Program Files\Razer\ChromaBroadcast\bin;C:\Windows\system32;C:\Windows;C:\Windows\System32\Wbem;C:\Windows\System32\WindowsPowerShell\v1.0\;C:\Windows\System32\OpenSSH\;C:\Program Files (x86)\NVIDIA Corporation\PhysX\Common;C:\WINDOWS\system32;C:\WINDOWS;C:\WINDOWS\System32\Wbem;C:\WINDOWS\System32\WindowsPowerShell\v1.0\;C:\WINDOWS\System32\OpenSSH\;C:\WINDOWS\system32\config\systemprofile\AppData\Local\Microsoft\WindowsApps;C:\Users\Hugo Jose\AppData\Local\Microsoft\WindowsApps;C:\Program Files\dotnet\;C:\Program Files\Git\cmd;C:\Users\Hugo Jose\AppData\Local\Programs\Python\Launcher\;C:\Users\Hugo Jose\AppData\Local\Microsoft\WindowsApps;C:\Users\Hugo Jose\AppData\Local\Programs\Microsoft VS Code\bin;C:\Users\Hugo Jose\AppData\Local\GitHubDesktop\bin;C:\Maven\apache-maven-3.9.9\bin;C:\JavaFX\javafx-sdk-23.0.1\lib;;C:\Program Files\Java\jre1.8.0_451\bin
Check launcher:	C:\Program Files\Common Files\Oracle\Java\javapath\bin\javaw.exe (not found)
Check launcher:	C:\Program Files (x86)\Common Files\Oracle\Java\java8path\bin\javaw.exe (not found)
Check launcher:	C:\Program Files (x86)\Common Files\Oracle\Java\javapath\bin\javaw.exe (not found)
Check launcher:	C:\Program Files (x86)\Razer Chroma SDK\bin\javaw.exe (not found)
Check launcher:	C:\Program Files\Razer Chroma SDK\bin\javaw.exe (not found)
Check launcher:	C:\Program Files (x86)\Razer\ChromaBroadcast\bin\javaw.exe (not found)
Check launcher:	C:\Program Files\Razer\ChromaBroadcast\bin\javaw.exe (not found)
Check launcher:	C:\Windows\system32\bin\javaw.exe (not found)
Check launcher:	C:\Windows\bin\javaw.exe (not found)
Check launcher:	C:\Windows\System32\Wbem\bin\javaw.exe (not found)
Check launcher:	C:\Windows\System32\WindowsPowerShell\v1.0\bin\javaw.exe (not found)
Check launcher:	C:\Windows\System32\OpenSSH\bin\javaw.exe (not found)
Check launcher:	C:\Program Files (x86)\NVIDIA Corporation\PhysX\Common\bin\javaw.exe (not found)
Check launcher:	C:\WINDOWS\system32\bin\javaw.exe (not found)
Check launcher:	C:\WINDOWS\bin\javaw.exe (not found)
Check launcher:	C:\WINDOWS\System32\Wbem\bin\javaw.exe (not found)
Check launcher:	C:\WINDOWS\System32\WindowsPowerShell\v1.0\bin\javaw.exe (not found)
Check launcher:	C:\WINDOWS\System32\OpenSSH\bin\javaw.exe (not found)
Check launcher:	C:\WINDOWS\system32\config\systemprofile\AppData\Local\Microsoft\WindowsApps\bin\javaw.exe (not found)
Check launcher:	C:\Users\Hugo Jose\AppData\Local\Microsoft\WindowsApps\bin\javaw.exe (not found)
Check launcher:	C:\Program Files\dotnet\bin\javaw.exe (not found)
Check launcher:	C:\Program Files\Git\cmd\bin\javaw.exe (not found)
Check launcher:	C:\Users\Hugo Jose\AppData\Local\Programs\Python\Launcher\bin\javaw.exe (not found)
Check launcher:	C:\Users\Hugo Jose\AppData\Local\Microsoft\WindowsApps\bin\javaw.exe (not found)
Check launcher:	C:\Users\Hugo Jose\AppData\Local\Programs\Microsoft VS Code\bin\javaw.exe (not found)
Check launcher:	C:\Users\Hugo Jose\AppData\Local\GitHubDesktop\bin\javaw.exe (not found)
Check launcher:	C:\Maven\apache-maven-3.9.9\bin\javaw.exe (not found)
Check launcher:	C:\JavaFX\javafx-sdk-23.0.1\lib\bin\javaw.exe (not found)
Check launcher:	C:\Program Files\Java\jre1.8.0_451\bin\javaw.exe (OK)
Version string: 1.008.000_451 / 64-Bit (OK)
Launcher:	C:\Program Files\Java\jre1.8.0_451\bin\javaw.exe
Launcher args:	-jar "C:\Users\Hugo Jose\IdeaProjects\SamuraiNinja\exe\SamuraiDash.exe"
Args length:	71/32768 chars
Exit code:	0


Version:	3.50
CmdLine:	C:\Users\Hugo Jose\IdeaProjects\SamuraiNinja\exe\SamuraiDash.exe --l4j-debug
JNI:		No
WOW64:		Yes
Working dir:	C:\Users\Hugo Jose\IdeaProjects\SamuraiNinja\exe\.
Requires JDK:	No
Requires 64-Bit: No
Java min ver:	1.008.000
Java max ver:	1.023.000_001
Substitute:	JAVA_HOME = 
Substitute:	PATH = C:\Program Files\Common Files\Oracle\Java\javapath;C:\Program Files (x86)\Common Files\Oracle\Java\java8path;C:\Program Files (x86)\Common Files\Oracle\Java\javapath;C:\Program Files (x86)\Razer Chroma SDK\bin;C:\Program Files\Razer Chroma SDK\bin;C:\Program Files (x86)\Razer\ChromaBroadcast\bin;C:\Program Files\Razer\ChromaBroadcast\bin;C:\Windows\system32;C:\Windows;C:\Windows\System32\Wbem;C:\Windows\System32\WindowsPowerShell\v1.0\;C:\Windows\System32\OpenSSH\;C:\Program Files (x86)\NVIDIA Corporation\PhysX\Common;C:\WINDOWS\system32;C:\WINDOWS;C:\WINDOWS\System32\Wbem;C:\WINDOWS\System32\WindowsPowerShell\v1.0\;C:\WINDOWS\System32\OpenSSH\;C:\WINDOWS\system32\config\systemprofile\AppData\Local\Microsoft\WindowsApps;C:\Users\Hugo Jose\AppData\Local\Microsoft\WindowsApps;C:\Program Files\dotnet\;C:\Program Files\Git\cmd;C:\Users\Hugo Jose\AppData\Local\Programs\Python\Launcher\;C:\Users\Hugo Jose\AppData\Local\Microsoft\WindowsApps;C:\Users\Hugo Jose\AppData\Local\Programs\Microsoft VS Code\bin;C:\Users\Hugo Jose\AppData\Local\GitHubDesktop\bin;C:\Maven\apache-maven-3.9.9\bin;C:\JavaFX\javafx-sdk-23.0.1\lib;;C:\Program Files\Java\jre1.8.0_451\bin
JRE paths:	;C:\Program Files\Common Files\Oracle\Java\javapath;C:\Program Files (x86)\Common Files\Oracle\Java\java8path;C:\Program Files (x86)\Common Files\Oracle\Java\javapath;C:\Program Files (x86)\Razer Chroma SDK\bin;C:\Program Files\Razer Chroma SDK\bin;C:\Program Files (x86)\Razer\ChromaBroadcast\bin;C:\Program Files\Razer\ChromaBroadcast\bin;C:\Windows\system32;C:\Windows;C:\Windows\System32\Wbem;C:\Windows\System32\WindowsPowerShell\v1.0\;C:\Windows\System32\OpenSSH\;C:\Program Files (x86)\NVIDIA Corporation\PhysX\Common;C:\WINDOWS\system32;C:\WINDOWS;C:\WINDOWS\System32\Wbem;C:\WINDOWS\System32\WindowsPowerShell\v1.0\;C:\WINDOWS\System32\OpenSSH\;C:\WINDOWS\system32\config\systemprofile\AppData\Local\Microsoft\WindowsApps;C:\Users\Hugo Jose\AppData\Local\Microsoft\WindowsApps;C:\Program Files\dotnet\;C:\Program Files\Git\cmd;C:\Users\Hugo Jose\AppData\Local\Programs\Python\Launcher\;C:\Users\Hugo Jose\AppData\Local\Microsoft\WindowsApps;C:\Users\Hugo Jose\AppData\Local\Programs\Microsoft VS Code\bin;C:\Users\Hugo Jose\AppData\Local\GitHubDesktop\bin;C:\Maven\apache-maven-3.9.9\bin;C:\JavaFX\javafx-sdk-23.0.1\lib;;C:\Program Files\Java\jre1.8.0_451\bin
Check launcher:	C:\Program Files\Common Files\Oracle\Java\javapath\bin\javaw.exe (not found)
Check launcher:	C:\Program Files (x86)\Common Files\Oracle\Java\java8path\bin\javaw.exe (not found)
Check launcher:	C:\Program Files (x86)\Common Files\Oracle\Java\javapath\bin\javaw.exe (not found)
Check launcher:	C:\Program Files (x86)\Razer Chroma SDK\bin\javaw.exe (not found)
Check launcher:	C:\Program Files\Razer Chroma SDK\bin\javaw.exe (not found)
Check launcher:	C:\Program Files (x86)\Razer\ChromaBroadcast\bin\javaw.exe (not found)
Check launcher:	C:\Program Files\Razer\ChromaBroadcast\bin\javaw.exe (not found)
Check launcher:	C:\Windows\system32\bin\javaw.exe (not found)
Check launcher:	C:\Windows\bin\javaw.exe (not found)
Check launcher:	C:\Windows\System32\Wbem\bin\javaw.exe (not found)
Check launcher:	C:\Windows\System32\WindowsPowerShell\v1.0\bin\javaw.exe (not found)
Check launcher:	C:\Windows\System32\OpenSSH\bin\javaw.exe (not found)
Check launcher:	C:\Program Files (x86)\NVIDIA Corporation\PhysX\Common\bin\javaw.exe (not found)
Check launcher:	C:\WINDOWS\system32\bin\javaw.exe (not found)
Check launcher:	C:\WINDOWS\bin\javaw.exe (not found)
Check launcher:	C:\WINDOWS\System32\Wbem\bin\javaw.exe (not found)
Check launcher:	C:\WINDOWS\System32\WindowsPowerShell\v1.0\bin\javaw.exe (not found)
Check launcher:	C:\WINDOWS\System32\OpenSSH\bin\javaw.exe (not found)
Check launcher:	C:\WINDOWS\system32\config\systemprofile\AppData\Local\Microsoft\WindowsApps\bin\javaw.exe (not found)
Check launcher:	C:\Users\Hugo Jose\AppData\Local\Microsoft\WindowsApps\bin\javaw.exe (not found)
Check launcher:	C:\Program Files\dotnet\bin\javaw.exe (not found)
Check launcher:	C:\Program Files\Git\cmd\bin\javaw.exe (not found)
Check launcher:	C:\Users\Hugo Jose\AppData\Local\Programs\Python\Launcher\bin\javaw.exe (not found)
Check launcher:	C:\Users\Hugo Jose\AppData\Local\Microsoft\WindowsApps\bin\javaw.exe (not found)
Check launcher:	C:\Users\Hugo Jose\AppData\Local\Programs\Microsoft VS Code\bin\javaw.exe (not found)
Check launcher:	C:\Users\Hugo Jose\AppData\Local\GitHubDesktop\bin\javaw.exe (not found)
Check launcher:	C:\Maven\apache-maven-3.9.9\bin\javaw.exe (not found)
Check launcher:	C:\JavaFX\javafx-sdk-23.0.1\lib\bin\javaw.exe (not found)
Check launcher:	C:\Program Files\Java\jre1.8.0_451\bin\javaw.exe (OK)
Version string: 1.008.000_451 / 64-Bit (OK)
Launcher:	C:\Program Files\Java\jre1.8.0_451\bin\javaw.exe
Launcher args:	-jar "C:\Users\Hugo Jose\IdeaProjects\SamuraiNinja\exe\SamuraiDash.exe"
Args length:	71/32768 chars
Exit code:	0
